<?xml version="1.0" encoding="UTF-8"?>
<!-- Generated by org.testng.reporters.JUnitReportReporter -->
<testsuite hostname="hp" failures="0" tests="2" name="testngpkg.Crossbrowserpgm" time="2.352" errors="0" timestamp="2024-10-22T15:17:42 IST" skipped="0">
  <testcase classname="testngpkg.Crossbrowserpgm" name="test" time="1.054"/>
  <testcase classname="testngpkg.Crossbrowserpgm" name="test" time="1.298"/>
</testsuite> <!-- testngpkg.Crossbrowserpgm -->
