<?xml version="1.0" encoding="UTF-8"?>
<!-- Generated by org.testng.reporters.JUnitReportReporter -->
<testsuite hostname="hp" failures="0" tests="1" name="Test.Fbtestpgm" time="0.291" errors="0" timestamp="2024-10-31T14:36:31 IST" skipped="0">
  <testcase classname="Test.Fbtestpgm" name="testlog" time="0.291"/>
</testsuite> <!-- Test.Fbtestpgm -->
