<?xml version="1.0" encoding="UTF-8"?>
<!-- Generated by org.testng.reporters.JUnitReportReporter -->
<testsuite hostname="hp" failures="0" tests="1" name="testngpkg.Datadriventest" time="18.593" errors="0" timestamp="2024-11-05T15:30:09 IST" skipped="0">
  <testcase classname="testngpkg.Datadriventest" name="log" time="18.593"/>
</testsuite> <!-- testngpkg.Datadriventest -->
