<?xml version="1.0" encoding="UTF-8"?>
<!-- Generated by org.testng.reporters.JUnitReportReporter -->
<testsuite hostname="hp" failures="0" tests="1" name="testngpkg.Parameterpgm" time="0.011" errors="0" timestamp="2024-10-22T13:59:18 IST" skipped="0">
  <testcase classname="testngpkg.Parameterpgm" name="test" time="0.011"/>
</testsuite> <!-- testngpkg.Parameterpgm -->
