<?xml version="1.0" encoding="UTF-8"?>
<!-- Generated by org.testng.reporters.JUnitReportReporter -->
<testsuite hostname="hp" failures="0" tests="1" name="Test.Fbcreatetest" time="2.243" errors="0" timestamp="2024-10-31T15:21:54 IST" skipped="0">
  <testcase classname="Test.Fbcreatetest" name="createpagetest" time="2.243"/>
</testsuite> <!-- Test.Fbcreatetest -->
