<?xml version="1.0" encoding="UTF-8"?>
<!-- Generated by org.testng.reporters.JUnitReportReporter -->
<testsuite hostname="hp" failures="0" tests="6" name="testngpkg.Testdemo" time="0.020" errors="0" timestamp="2024-10-18T14:49:56 IST" skipped="1">
  <testcase classname="testngpkg.Testdemo" name="test1" time="0.005"/>
  <testcase classname="testngpkg.Testdemo" name="test1" time="0.002"/>
  <testcase classname="testngpkg.Testdemo" name="test1" time="0.003"/>
  <testcase classname="testngpkg.Testdemo" name="test4" time="0.006"/>
  <testcase classname="testngpkg.Testdemo" name="test2" time="0.004"/>
  <testcase classname="testngpkg.Testdemo" name="test3">
    <skipped/>
  </testcase> <!-- test3 -->
</testsuite> <!-- testngpkg.Testdemo -->
