<?xml version="1.0" encoding="UTF-8"?>
<!-- Generated by org.testng.reporters.JUnitReportReporter -->
<testsuite hostname="hp" failures="0" tests="1" name="testngpkg.Gurualert" time="2.033" errors="0" timestamp="2024-10-23T15:35:13 IST" skipped="0">
  <testcase classname="testngpkg.Gurualert" name="pgm" time="2.033"/>
</testsuite> <!-- testngpkg.Gurualert -->
