<?xml version="1.0" encoding="UTF-8"?>
<!-- Generated by org.testng.reporters.JUnitReportReporter -->
<testsuite hostname="hp" failures="0" tests="1" name="testngpkg.Datepickerpgm" time="3.436" errors="0" timestamp="2024-11-07T14:43:02 IST" skipped="0">
  <testcase classname="testngpkg.Datepickerpgm" name="datepicker" time="3.436"/>
</testsuite> <!-- testngpkg.Datepickerpgm -->
