<?xml version="1.0" encoding="UTF-8"?>
<!-- Generated by org.testng.reporters.JUnitReportReporter -->
<testsuite hostname="hp" failures="0" tests="1" name="testngpkg.Fileuploadauto" time="9.912" errors="0" timestamp="2024-10-25T21:54:13 IST" skipped="0">
  <testcase classname="testngpkg.Fileuploadauto" name="main" time="9.912"/>
</testsuite> <!-- testngpkg.Fileuploadauto -->
