<?xml version="1.0" encoding="UTF-8"?>
<!-- Generated by org.testng.reporters.JUnitReportReporter -->
<testsuite hostname="hp" failures="0" tests="1" name="testngpkg.Ebaypgm" time="3.152" errors="0" timestamp="2024-11-04T14:45:39 IST" skipped="0">
  <testcase classname="testngpkg.Ebaypgm" name="log" time="3.152"/>
</testsuite> <!-- testngpkg.Ebaypgm -->
