<?xml version="1.0" encoding="UTF-8"?>
<!-- Generated by org.testng.reporters.JUnitReportReporter -->
<testsuite hostname="hp" failures="0" tests="3" name="testngpkg.Fbtest" time="11.819" errors="0" timestamp="2024-10-21T21:10:02 IST" skipped="0">
  <testcase classname="testngpkg.Fbtest" name="test3" time="9.439"/>
  <testcase classname="testngpkg.Fbtest" name="test1" time="1.661"/>
  <testcase classname="testngpkg.Fbtest" name="test2" time="0.719"/>
</testsuite> <!-- testngpkg.Fbtest -->
