<?xml version="1.0" encoding="UTF-8"?>
<!-- Generated by org.testng.reporters.JUnitReportReporter -->
<testsuite hostname="hp" failures="0" tests="1" name="testngpkg.Facebpgm" time="1.347" errors="0" timestamp="2024-10-22T14:55:20 IST" skipped="0">
  <testcase classname="testngpkg.Facebpgm" name="test1" time="1.347"/>
</testsuite> <!-- testngpkg.Facebpgm -->
