<?xml version="1.0" encoding="UTF-8"?>
<!-- Generated by org.testng.reporters.JUnitReportReporter -->
<testsuite hostname="hp" failures="0" tests="1" name="testngpkg.Robotfilepgm" time="0.541" errors="0" timestamp="2024-10-25T15:09:54 IST" skipped="0">
  <testcase classname="testngpkg.Robotfilepgm" name="fileuppgm" time="0.541"/>
</testsuite> <!-- testngpkg.Robotfilepgm -->
