<?xml version="1.0" encoding="UTF-8"?>
<!-- Generated by org.testng.reporters.JUnitReportReporter -->
<testsuite hostname="hp" failures="0" tests="1" name="testngpkg.Copypaste" time="0.526" errors="0" timestamp="2024-10-23T14:07:12 IST" skipped="0">
  <testcase classname="testngpkg.Copypaste" name="log" time="0.526"/>
</testsuite> <!-- testngpkg.Copypaste -->
