<?xml version="1.0" encoding="UTF-8"?>
<!-- Generated by org.testng.reporters.JUnitReportReporter -->
<testsuite hostname="hp" failures="0" tests="1" name="testngpkg.Dragdroppgm" time="2.467" errors="0" timestamp="2024-10-24T14:54:44 IST" skipped="0">
  <testcase classname="testngpkg.Dragdroppgm" name="test" time="2.467"/>
</testsuite> <!-- testngpkg.Dragdroppgm -->
