<?xml version="1.0" encoding="UTF-8"?>
<!-- Generated by org.testng.reporters.JUnitReportReporter -->
<testsuite hostname="hp" failures="0" tests="1" name="testngpkg.Keralaestatepgm" time="0.286" errors="0" timestamp="2024-10-28T14:09:32 IST" skipped="0">
  <testcase classname="testngpkg.Keralaestatepgm" name="log" time="0.286"/>
</testsuite> <!-- testngpkg.Keralaestatepgm -->
